<?xml version="1.0" encoding="UTF-8"?>
<testsuite name="Cucumber" time="112.898" tests="4" skipped="0" failures="1" errors="0">
<testcase classname="Create Post from Newsfeed webpage" name="Verify that when Organization-Admin clicks on &quot;Write your post here&quot; in Newsfeed screen," time="24.225">
<system-out><![CDATA[
Given Organization-Admin inserts valid username "mohamed.amr+test1@parent.cloud".passed
And inserts valid password "12345678".......................................passed
When clicks on submit button................................................passed
Then Dashboard webpage is displayed by default..............................passed
When Organization-Admin clicks on Newsfeed tab..............................passed
And clicks on "Write your post here"........................................passed
And clicks on "search for recipients".......................................passed
And writes "first automated post here"......................................passed
]]></system-out>
</testcase>
<testcase classname="Create Post from Newsfeed webpage" name="Verify that when Organization-Admin clicks on &quot;Upload Files&quot; in Newsfeed screen," time="22.343">
<system-out><![CDATA[
Given Organization-Admin inserts valid username "mohamed.amr+test1@parent.cloud".passed
And inserts valid password "12345678".......................................passed
When clicks on submit button................................................passed
Then Dashboard webpage is displayed by default..............................passed
When Organization-Admin clicks on Newsfeed tab..............................passed
And clicks on "Upload Files"................................................passed
And clicks on "search for recipients".......................................passed
And writes "second automated post here".....................................passed
]]></system-out>
</testcase>
<testcase classname="Create Post from Newsfeed webpage" name="Verify that when Organization-Admin clicks on &quot;Live Video&quot; in Newsfeed screen," time="22.658">
<system-out><![CDATA[
Given Organization-Admin inserts valid username "mohamed.amr+test1@parent.cloud".passed
And inserts valid password "12345678".......................................passed
When clicks on submit button................................................passed
Then Dashboard webpage is displayed by default..............................passed
When Organization-Admin clicks on Newsfeed tab..............................passed
And clicks on "Live Video"..................................................passed
And clicks on "search for recipients".......................................passed
And writes "third automated post here"......................................passed
]]></system-out>
</testcase>
<testcase classname="Create Post from Newsfeed webpage" name="Verify that when Organization-Admin clicks on &quot;Add Inspiration&quot; in Newsfeed screen," time="43.387">
<failure type="org.openqa.selenium.NoSuchElementException" message="no such element: Unable to locate element: {&quot;method&quot;:&quot;css selector&quot;,&quot;selector&quot;:&quot;#pushActionRefuse&quot;}
  (Session info: chrome=114.0.5735.199)
For documentation on this error, please visit: https://selenium.dev/exceptions/#no_such_element
Build info: version: '4.8.3', revision: 'e5e76298c3'
System info: os.name: 'Windows 10', os.arch: 'amd64', os.version: '10.0', java.version: '19.0.1'
Driver info: org.openqa.selenium.chrome.ChromeDriver
Command: [fc146050513b70a70274b4678f7c2e00, findElement {using=id, value=pushActionRefuse}]
Capabilities {acceptInsecureCerts: false, browserName: chrome, browserVersion: 114.0.5735.199, chrome: {chromedriverVersion: 113.0.5672.63 (0e1a4471d5ae..., userDataDir: C:\Users\moham\AppData\Loca...}, goog:chromeOptions: {debuggerAddress: localhost:4557}, networkConnectionEnabled: false, pageLoadStrategy: normal, platformName: WINDOWS, proxy: Proxy(), se:cdp: ws://localhost:4557/devtool..., se:cdpVersion: 114.0.5735.199, setWindowRect: true, strictFileInteractability: false, timeouts: {implicit: 0, pageLoad: 300000, script: 30000}, unhandledPromptBehavior: dismiss and notify, webauthn:extension:credBlob: true, webauthn:extension:largeBlob: true, webauthn:extension:minPinLength: true, webauthn:extension:prf: true, webauthn:virtualAuthenticators: true}
Session ID: fc146050513b70a70274b4678f7c2e00">
<![CDATA[org.openqa.selenium.NoSuchElementException: no such element: Unable to locate element: {"method":"css selector","selector":"#pushActionRefuse"}
  (Session info: chrome=114.0.5735.199)
For documentation on this error, please visit: https://selenium.dev/exceptions/#no_such_element
Build info: version: '4.8.3', revision: 'e5e76298c3'
System info: os.name: 'Windows 10', os.arch: 'amd64', os.version: '10.0', java.version: '19.0.1'
Driver info: org.openqa.selenium.chrome.ChromeDriver
Command: [fc146050513b70a70274b4678f7c2e00, findElement {using=id, value=pushActionRefuse}]
Capabilities {acceptInsecureCerts: false, browserName: chrome, browserVersion: 114.0.5735.199, chrome: {chromedriverVersion: 113.0.5672.63 (0e1a4471d5ae..., userDataDir: C:\Users\moham\AppData\Loca...}, goog:chromeOptions: {debuggerAddress: localhost:4557}, networkConnectionEnabled: false, pageLoadStrategy: normal, platformName: WINDOWS, proxy: Proxy(), se:cdp: ws://localhost:4557/devtool..., se:cdpVersion: 114.0.5735.199, setWindowRect: true, strictFileInteractability: false, timeouts: {implicit: 0, pageLoad: 300000, script: 30000}, unhandledPromptBehavior: dismiss and notify, webauthn:extension:credBlob: true, webauthn:extension:largeBlob: true, webauthn:extension:minPinLength: true, webauthn:extension:prf: true, webauthn:virtualAuthenticators: true}
Session ID: fc146050513b70a70274b4678f7c2e00
	at java.base/jdk.internal.reflect.DirectConstructorHandleAccessor.newInstance(DirectConstructorHandleAccessor.java:67)
	at java.base/java.lang.reflect.Constructor.newInstanceWithCaller(Constructor.java:500)
	at java.base/java.lang.reflect.Constructor.newInstance(Constructor.java:484)
	at org.openqa.selenium.remote.codec.w3c.W3CHttpResponseCodec.createException(W3CHttpResponseCodec.java:200)
	at org.openqa.selenium.remote.codec.w3c.W3CHttpResponseCodec.decode(W3CHttpResponseCodec.java:133)
	at org.openqa.selenium.remote.codec.w3c.W3CHttpResponseCodec.decode(W3CHttpResponseCodec.java:53)
	at org.openqa.selenium.remote.HttpCommandExecutor.execute(HttpCommandExecutor.java:193)
	at org.openqa.selenium.remote.service.DriverCommandExecutor.invokeExecute(DriverCommandExecutor.java:183)
	at org.openqa.selenium.remote.service.DriverCommandExecutor.execute(DriverCommandExecutor.java:158)
	at org.openqa.selenium.remote.RemoteWebDriver.execute(RemoteWebDriver.java:543)
	at org.openqa.selenium.remote.ElementLocation$ElementFinder$2.findElement(ElementLocation.java:162)
	at org.openqa.selenium.remote.ElementLocation.findElement(ElementLocation.java:60)
	at org.openqa.selenium.remote.RemoteWebDriver.findElement(RemoteWebDriver.java:352)
	at org.openqa.selenium.remote.RemoteWebDriver.findElement(RemoteWebDriver.java:344)
	at org.openqa.selenium.support.pagefactory.DefaultElementLocator.findElement(DefaultElementLocator.java:70)
	at org.openqa.selenium.support.pagefactory.internal.LocatingElementHandler.invoke(LocatingElementHandler.java:39)
	at jdk.proxy2/jdk.proxy2.$Proxy25.isDisplayed(Unknown Source)
	at pages.NewsfeedPage.writePostContext(NewsfeedPage.java:80)
	at StepDefinitions.CreatePostStepDefinition.CreatePostSteps.writePostContext(CreatePostSteps.java:64)
	at âœ½.writes "fourth automated post here"(file:///C:/Users/moham/IdeaProjects/Parent/src/main/Features/CreatePost.feature:51)
]]>
</failure>
<system-out><![CDATA[
Given Organization-Admin inserts valid username "mohamed.amr+test1@parent.cloud".passed
And inserts valid password "12345678".......................................passed
When clicks on submit button................................................passed
Then Dashboard webpage is displayed by default..............................passed
When Organization-Admin clicks on Newsfeed tab..............................passed
And clicks on "Add Inspiration".............................................passed
And selects "Public Inspiration"............................................passed
And clicks on "search for recipients".......................................passed
And writes "fourth automated post here".....................................failed
]]></system-out>
</testcase>
</testsuite>
